<?xml version="1.0" encoding="UTF-8"?>
<coverage generated="1609685595936" clover="3.2.0">
  <project timestamp="1609685595937" name="All files">
    <metrics statements="1" coveredstatements="1" conditionals="0" coveredconditionals="0" methods="2" coveredmethods="2" elements="3" coveredelements="3" complexity="0" loc="1" ncloc="1" packages="1" files="1" classes="1"/>
    <file name="heroes.js" path="D:\Работа Никита\Work IT\HW-NETOLOGY\AJS\ajs-homeworks\test-ci\ajs-matchers\ajs-matchers\src\heroes.js">
      <metrics statements="1" coveredstatements="1" conditionals="0" coveredconditionals="0" methods="2" coveredmethods="2"/>
      <line num="2" count="4" type="stmt"/>
    </file>
  </project>
</coverage>
