{"D:\\Работа Никита\\Work IT\\HW-NETOLOGY\\AJS\\ajs-homeworks\\test-ci\\ajs-matchers\\ajs-matchers\\src\\heroes.js": {"path":"D:\\Работа Никита\\Work IT\\HW-NETOLOGY\\AJS\\ajs-homeworks\\test-ci\\ajs-matchers\\ajs-matchers\\src\\heroes.js","statementMap":{"0":{"start":{"line":2,"column":2},"end":{"line":2,"column":53}},"1":{"start":{"line":2,"column":32},"end":{"line":2,"column":51}}},"fnMap":{"0":{"name":"sortHeroes","decl":{"start":{"line":1,"column":24},"end":{"line":1,"column":34}},"loc":{"start":{"line":1,"column":44},"end":{"line":3,"column":1}},"line":1},"1":{"name":"(anonymous_1)","decl":{"start":{"line":2,"column":22},"end":{"line":2,"column":23}},"loc":{"start":{"line":2,"column":32},"end":{"line":2,"column":51}},"line":2}},"branchMap":{},"s":{"0":1,"1":4},"f":{"0":1,"1":4},"b":{},"_coverageSchema":"1a1c01bbd47fc00a2c39e90264f33305004495a9","hash":"b254e595a92295daa5bff63751e636552883b71d"}
}
